<?xml version="1.0" encoding="UTF-8"?>
<!-- Generated by org.testng.reporters.JUnitXMLReporter -->
<testsuite ignored="0" hostname="DESKTOP-O8SFBI0" failures="1" tests="3" name="Test" time="112.109" errors="0" timestamp="2024-07-03T22:42:29 IST">
  <testcase classname="Tests.CreateLeadTests" name="CreateLead" time="20.165">
    <failure type="org.openqa.selenium.NoSuchElementException" message="Cannot locate option with value: Banglore
For documentation on this error, please visit: https://www.seleniumhq.org/exceptions/no_such_element.html
Build info: version: &amp;apos;3.141.59&amp;apos;, revision: &amp;apos;e82be7d358&amp;apos;, time: &amp;apos;2018-11-14T08:17:03&amp;apos;
System info: host: &amp;apos;DESKTOP-O8SFBI0&amp;apos;, ip: &amp;apos;192.168.0.106&amp;apos;, os.name: &amp;apos;Windows 10&amp;apos;, os.arch: &amp;apos;amd64&amp;apos;, os.version: &amp;apos;10.0&amp;apos;, java.version: &amp;apos;18.0.2.1&amp;apos;
Driver info: driver.version: unknown">
      <![CDATA[org.openqa.selenium.NoSuchElementException: Cannot locate option with value: Banglore
For documentation on this error, please visit: https://www.seleniumhq.org/exceptions/no_such_element.html
Build info: version: '3.141.59', revision: 'e82be7d358', time: '2018-11-14T08:17:03'
System info: host: 'DESKTOP-O8SFBI0', ip: '192.168.0.106', os.name: 'Windows 10', os.arch: 'amd64', os.version: '10.0', java.version: '18.0.2.1'
Driver info: driver.version: unknown
at org.openqa.selenium.support.ui.Select.findOptionsByValue(Select.java:283)
at org.openqa.selenium.support.ui.Select.selectByValue(Select.java:186)
at PageObjects.CreateLeadPage.EnterDetails(CreateLeadPage.java:100)
at Tests.CreateLeadTests.CreateLead(CreateLeadTests.java:39)
at java.base/java.util.ArrayList.forEach(ArrayList.java:1511)
... Removed 29 stack frames]]>
    </failure>
  </testcase> <!-- CreateLead -->
  <testcase classname="Tests.CreateMatterTests" name="CreateMatter" time="14.98"/>
  <testcase classname="Tests.CreateTimesheetTests" name="CreateTimesheet" time="19.008"/>
</testsuite> <!-- Test -->
