<?xml version="1.0" encoding="UTF-8"?>
<testsuite xmlns:xsi="http://www.w3.org/2001/XMLSchema-instance" xsi:noNamespaceSchemaLocation="https://maven.apache.org/surefire/maven-surefire-plugin/xsd/surefire-test-report-3.0.xsd" version="3.0" name="TestSuite" time="118.234" tests="3" errors="0" skipped="0" failures="1">
  <properties>
[...]
</properties>
  <testcase name="CreateLead" classname="Tests.CreateLeadTests" time="20.178">
    <failure message="Cannot locate option with value: Banglore&#10;For documentation on this error, please visit: https://www.seleniumhq.org/exceptions/no_such_element.html&#10;Build info: version: &apos;3.141.59&apos;, revision: &apos;e82be7d358&apos;, time: &apos;2018-11-14T08:17:03&apos;&#10;System info: host: &apos;DESKTOP-O8SFBI0&apos;, ip: &apos;192.168.0.106&apos;, os.name: &apos;Windows 10&apos;, os.arch: &apos;amd64&apos;, os.version: &apos;10.0&apos;, java.version: &apos;18.0.2.1&apos;&#10;Driver info: driver.version: unknown" type="org.openqa.selenium.NoSuchElementException"><![CDATA[org.openqa.selenium.NoSuchElementException: 
Cannot locate option with value: Banglore
For documentation on this error, please visit: https://www.seleniumhq.org/exceptions/no_such_element.html
Build info: version: '3.141.59', revision: 'e82be7d358', time: '2018-11-14T08:17:03'
System info: host: 'DESKTOP-O8SFBI0', ip: '192.168.0.106', os.name: 'Windows 10', os.arch: 'amd64', os.version: '10.0', java.version: '18.0.2.1'
Driver info: driver.version: unknown
	at Tests.CreateLeadTests.CreateLead(CreateLeadTests.java:39)
]]></failure>
    <system-out><![CDATA[Before navigating to: https://lx2.legalxgen.com/
After navigating to: https://lx2.legalxgen.com/
Before finding element: By.xpath: //*[@id="Username"]
After finding element: By.xpath: //*[@id="Username"]
Before changing value of element: [[ChromeDriver: chrome on WINDOWS (0fa87aec68aaa6ae0cca107f4cf7cc94)] -> xpath: //*[@id="Username"]]
After changing value of element: [[ChromeDriver: chrome on WINDOWS (0fa87aec68aaa6ae0cca107f4cf7cc94)] -> xpath: //*[@id="Username"]]
Before finding element: By.id: Password
After finding element: By.id: Password
Before changing value of element: [[ChromeDriver: chrome on WINDOWS (0fa87aec68aaa6ae0cca107f4cf7cc94)] -> id: Password]
After changing value of element: [[ChromeDriver: chrome on WINDOWS (0fa87aec68aaa6ae0cca107f4cf7cc94)] -> id: Password]
Before finding element: By.xpath: //*[@id="btnLogOn"]
After finding element: By.xpath: //*[@id="btnLogOn"]
Before clicking on element: [[ChromeDriver: chrome on WINDOWS (0fa87aec68aaa6ae0cca107f4cf7cc94)] -> xpath: //*[@id="btnLogOn"]]
After clicking on element: [[ChromeDriver: chrome on WINDOWS (0fa87aec68aaa6ae0cca107f4cf7cc94)] -> xpath: //*[@id="btnLogOn"]]
Before finding element: By.id: manageMatters
After finding element: By.id: manageMatters
Before clicking on element: [[ChromeDriver: chrome on WINDOWS (0fa87aec68aaa6ae0cca107f4cf7cc94)] -> id: manageMatters]
After clicking on element: [[ChromeDriver: chrome on WINDOWS (0fa87aec68aaa6ae0cca107f4cf7cc94)] -> id: manageMatters]
Before finding element: By.id: btnNewMatter
After finding element: By.id: btnNewMatter
Before clicking on element: [[ChromeDriver: chrome on WINDOWS (0fa87aec68aaa6ae0cca107f4cf7cc94)] -> id: btnNewMatter]
After clicking on element: [[ChromeDriver: chrome on WINDOWS (0fa87aec68aaa6ae0cca107f4cf7cc94)] -> id: btnNewMatter]
Before navigating to: https://lx2.legalxgen.com/
After navigating to: https://lx2.legalxgen.com/
Before finding element: By.xpath: //*[@id="Username"]
After finding element: By.xpath: //*[@id="Username"]
Before changing value of element: [[ChromeDriver: chrome on WINDOWS (adcf37476c2ed09bef37984895d4555d)] -> xpath: //*[@id="Username"]]
After changing value of element: [[ChromeDriver: chrome on WINDOWS (adcf37476c2ed09bef37984895d4555d)] -> xpath: //*[@id="Username"]]
Before finding element: By.id: Password
After finding element: By.id: Password
Before changing value of element: [[ChromeDriver: chrome on WINDOWS (adcf37476c2ed09bef37984895d4555d)] -> id: Password]
After changing value of element: [[ChromeDriver: chrome on WINDOWS (adcf37476c2ed09bef37984895d4555d)] -> id: Password]
Before finding element: By.xpath: //*[@id="btnLogOn"]
After finding element: By.xpath: //*[@id="btnLogOn"]
Before clicking on element: [[ChromeDriver: chrome on WINDOWS (adcf37476c2ed09bef37984895d4555d)] -> xpath: //*[@id="btnLogOn"]]
After clicking on element: [[ChromeDriver: chrome on WINDOWS (adcf37476c2ed09bef37984895d4555d)] -> xpath: //*[@id="btnLogOn"]]
Before finding element: By.id: manageTimeSheet
After finding element: By.id: manageTimeSheet
Before clicking on element: [[ChromeDriver: chrome on WINDOWS (adcf37476c2ed09bef37984895d4555d)] -> id: manageTimeSheet]
After clicking on element: [[ChromeDriver: chrome on WINDOWS (adcf37476c2ed09bef37984895d4555d)] -> id: manageTimeSheet]
Before finding element: By.id: btnNewTimeEntry
After finding element: By.id: btnNewTimeEntry
Before clicking on element: [[ChromeDriver: chrome on WINDOWS (adcf37476c2ed09bef37984895d4555d)] -> id: btnNewTimeEntry]
After clicking on element: [[ChromeDriver: chrome on WINDOWS (adcf37476c2ed09bef37984895d4555d)] -> id: btnNewTimeEntry]
Before navigating to: https://lx2.legalxgen.com/
After navigating to: https://lx2.legalxgen.com/
Before finding element: By.xpath: //*[@id="Username"]
After finding element: By.xpath: //*[@id="Username"]
Before changing value of element: [[ChromeDriver: chrome on WINDOWS (3f13aa05130c35d4f62dd122fe2777fb)] -> xpath: //*[@id="Username"]]
After changing value of element: [[ChromeDriver: chrome on WINDOWS (3f13aa05130c35d4f62dd122fe2777fb)] -> xpath: //*[@id="Username"]]
Before finding element: By.id: Password
After finding element: By.id: Password
Before changing value of element: [[ChromeDriver: chrome on WINDOWS (3f13aa05130c35d4f62dd122fe2777fb)] -> id: Password]
After changing value of element: [[ChromeDriver: chrome on WINDOWS (3f13aa05130c35d4f62dd122fe2777fb)] -> id: Password]
Before finding element: By.xpath: //*[@id="btnLogOn"]
After finding element: By.xpath: //*[@id="btnLogOn"]
Before clicking on element: [[ChromeDriver: chrome on WINDOWS (3f13aa05130c35d4f62dd122fe2777fb)] -> xpath: //*[@id="btnLogOn"]]
After clicking on element: [[ChromeDriver: chrome on WINDOWS (3f13aa05130c35d4f62dd122fe2777fb)] -> xpath: //*[@id="btnLogOn"]]
Before finding element: By.xpath: //*[@id="manageLeads"]
After finding element: By.xpath: //*[@id="manageLeads"]
Before clicking on element: [[ChromeDriver: chrome on WINDOWS (3f13aa05130c35d4f62dd122fe2777fb)] -> xpath: //*[@id="manageLeads"]]
After clicking on element: [[ChromeDriver: chrome on WINDOWS (3f13aa05130c35d4f62dd122fe2777fb)] -> xpath: //*[@id="manageLeads"]]
Before finding element: By.id: btnNewLead
After finding element: By.id: btnNewLead
Before clicking on element: [[ChromeDriver: chrome on WINDOWS (3f13aa05130c35d4f62dd122fe2777fb)] -> id: btnNewLead]
After clicking on element: [[ChromeDriver: chrome on WINDOWS (3f13aa05130c35d4f62dd122fe2777fb)] -> id: btnNewLead]
Before finding element: By.id: BuId
After finding element: By.id: BuId
Before finding element: By.id: BuId
After finding element: By.id: BuId
Before finding element: By.id: BuId
After finding element: By.id: BuId
Before finding element: By.xpath: .//option[@value = "Banglore"]
After finding element: By.xpath: .//option[@value = "Banglore"]
]]></system-out>
    <system-err><![CDATA[Starting ChromeDriver 125.0.6422.141 (4b1e83937122185343ba92e909b021f307c719ca-refs/branch-heads/6422@{#1186}) on port 24316
Only local connections are allowed.
Please see https://chromedriver.chromium.org/security-considerations for suggestions on keeping ChromeDriver safe.
ChromeDriver was started successfully.
[1720026638.864][WARNING]: This version of ChromeDriver has not been tested with Chrome version 126.
Jul 03, 2024 10:40:38 PM org.openqa.selenium.remote.ProtocolHandshake createSession
INFO: Detected dialect: W3C
Starting ChromeDriver 125.0.6422.141 (4b1e83937122185343ba92e909b021f307c719ca-refs/branch-heads/6422@{#1186}) on port 29711
Only local connections are allowed.
Please see https://chromedriver.chromium.org/security-considerations for suggestions on keeping ChromeDriver safe.
ChromeDriver was started successfully.
[1720026658.866][WARNING]: This version of ChromeDriver has not been tested with Chrome version 126.
Jul 03, 2024 10:40:58 PM org.openqa.selenium.remote.ProtocolHandshake createSession
INFO: Detected dialect: W3C
Starting ChromeDriver 125.0.6422.141 (4b1e83937122185343ba92e909b021f307c719ca-refs/branch-heads/6422@{#1186}) on port 23921
Only local connections are allowed.
Please see https://chromedriver.chromium.org/security-considerations for suggestions on keeping ChromeDriver safe.
ChromeDriver was started successfully.
[1720026680.717][WARNING]: This version of ChromeDriver has not been tested with Chrome version 126.
Jul 03, 2024 10:41:20 PM org.openqa.selenium.remote.ProtocolHandshake createSession
INFO: Detected dialect: W3C
]]></system-err>
  </testcase>
  <testcase name="CreateMatter" classname="Tests.CreateMatterTests" time="15.036">
    <system-out><![CDATA[Before finding element: By.id: BUId
After finding element: By.id: BUId
Before finding element: By.id: BUId
After finding element: By.id: BUId
Before finding element: By.id: BUId
After finding element: By.id: BUId
Before finding element: By.tagName: option
After finding element: By.tagName: option
Before clicking on element: [[[[ChromeDriver: chrome on WINDOWS (0fa87aec68aaa6ae0cca107f4cf7cc94)] -> id: BUId]] -> tag name: option]
After clicking on element: [[[[ChromeDriver: chrome on WINDOWS (0fa87aec68aaa6ae0cca107f4cf7cc94)] -> id: BUId]] -> tag name: option]
Before finding element: By.id: PracticeAreaId
After finding element: By.id: PracticeAreaId
Before finding element: By.id: PracticeAreaId
After finding element: By.id: PracticeAreaId
Before finding element: By.id: PracticeAreaId
After finding element: By.id: PracticeAreaId
Before finding element: By.tagName: option
After finding element: By.tagName: option
Before clicking on element: [[[[ChromeDriver: chrome on WINDOWS (0fa87aec68aaa6ae0cca107f4cf7cc94)] -> id: PracticeAreaId]] -> tag name: option]
After clicking on element: [[[[ChromeDriver: chrome on WINDOWS (0fa87aec68aaa6ae0cca107f4cf7cc94)] -> id: PracticeAreaId]] -> tag name: option]
Before finding element: By.id: Status
After finding element: By.id: Status
Before finding element: By.id: Status
After finding element: By.id: Status
Before finding element: By.id: Status
After finding element: By.id: Status
Before finding element: By.tagName: option
After finding element: By.tagName: option
Before finding element: By.id: BillingTypeId
After finding element: By.id: BillingTypeId
Before finding element: By.id: BillingTypeId
After finding element: By.id: BillingTypeId
Before finding element: By.id: BillingTypeId
After finding element: By.id: BillingTypeId
Before finding element: By.tagName: option
After finding element: By.tagName: option
Before clicking on element: [[[[ChromeDriver: chrome on WINDOWS (0fa87aec68aaa6ae0cca107f4cf7cc94)] -> id: BillingTypeId]] -> tag name: option]
After clicking on element: [[[[ChromeDriver: chrome on WINDOWS (0fa87aec68aaa6ae0cca107f4cf7cc94)] -> id: BillingTypeId]] -> tag name: option]
Before finding element: By.xpath: //*[@id="select2-ClientId-container"]
After finding element: By.xpath: //*[@id="select2-ClientId-container"]
Before clicking on element: [[ChromeDriver: chrome on WINDOWS (0fa87aec68aaa6ae0cca107f4cf7cc94)] -> xpath: //*[@id="select2-ClientId-container"]]
After clicking on element: [[ChromeDriver: chrome on WINDOWS (0fa87aec68aaa6ae0cca107f4cf7cc94)] -> xpath: //*[@id="select2-ClientId-container"]]
Before finding element: By.xpath: //*[@id="lxBodyMain"]/span/span/span[1]/input
After finding element: By.xpath: //*[@id="lxBodyMain"]/span/span/span[1]/input
Before changing value of element: [[ChromeDriver: chrome on WINDOWS (0fa87aec68aaa6ae0cca107f4cf7cc94)] -> xpath: //*[@id="lxBodyMain"]/span/span/span[1]/input]
After changing value of element: [[ChromeDriver: chrome on WINDOWS (0fa87aec68aaa6ae0cca107f4cf7cc94)] -> xpath: //*[@id="lxBodyMain"]/span/span/span[1]/input]
Before finding element: By.xpath: //*[@id="lxBodyMain"]/span/span/span[1]/input
After finding element: By.xpath: //*[@id="lxBodyMain"]/span/span/span[1]/input
Before changing value of element: [[ChromeDriver: chrome on WINDOWS (0fa87aec68aaa6ae0cca107f4cf7cc94)] -> xpath: //*[@id="lxBodyMain"]/span/span/span[1]/input]
After changing value of element: [[ChromeDriver: chrome on WINDOWS (0fa87aec68aaa6ae0cca107f4cf7cc94)] -> xpath: //*[@id="lxBodyMain"]/span/span/span[1]/input]
Before finding element: By.id: MatterTitle
After finding element: By.id: MatterTitle
Before changing value of element: [[ChromeDriver: chrome on WINDOWS (0fa87aec68aaa6ae0cca107f4cf7cc94)] -> id: MatterTitle]
After changing value of element: [[ChromeDriver: chrome on WINDOWS (0fa87aec68aaa6ae0cca107f4cf7cc94)] -> id: MatterTitle]
Before finding element: By.id: btnSaveMatter
After finding element: By.id: btnSaveMatter
Before clicking on element: [[ChromeDriver: chrome on WINDOWS (0fa87aec68aaa6ae0cca107f4cf7cc94)] -> id: btnSaveMatter]
After clicking on element: [[ChromeDriver: chrome on WINDOWS (0fa87aec68aaa6ae0cca107f4cf7cc94)] -> id: btnSaveMatter]
]]></system-out>
  </testcase>
  <testcase name="CreateTimesheet" classname="Tests.CreateTimesheetTests" time="18.987">
    <system-out><![CDATA[Before finding element: By.id: select2-MatterId-container
After finding element: By.id: select2-MatterId-container
Before clicking on element: [[ChromeDriver: chrome on WINDOWS (adcf37476c2ed09bef37984895d4555d)] -> id: select2-MatterId-container]
After clicking on element: [[ChromeDriver: chrome on WINDOWS (adcf37476c2ed09bef37984895d4555d)] -> id: select2-MatterId-container]
Before finding element: By.xpath: //*[@id="lxBodyMain"]/span/span/span[1]/input
After finding element: By.xpath: //*[@id="lxBodyMain"]/span/span/span[1]/input
Before changing value of element: [[ChromeDriver: chrome on WINDOWS (adcf37476c2ed09bef37984895d4555d)] -> xpath: //*[@id="lxBodyMain"]/span/span/span[1]/input]
After changing value of element: [[ChromeDriver: chrome on WINDOWS (adcf37476c2ed09bef37984895d4555d)] -> xpath: //*[@id="lxBodyMain"]/span/span/span[1]/input]
Before finding element: By.xpath: //*[@id="lxBodyMain"]/span/span/span[1]/input
After finding element: By.xpath: //*[@id="lxBodyMain"]/span/span/span[1]/input
Before changing value of element: [[ChromeDriver: chrome on WINDOWS (adcf37476c2ed09bef37984895d4555d)] -> xpath: //*[@id="lxBodyMain"]/span/span/span[1]/input]
After changing value of element: [[ChromeDriver: chrome on WINDOWS (adcf37476c2ed09bef37984895d4555d)] -> xpath: //*[@id="lxBodyMain"]/span/span/span[1]/input]
Before finding element: By.id: TimeTrackingActivityId
After finding element: By.id: TimeTrackingActivityId
Before finding element: By.id: TimeTrackingActivityId
After finding element: By.id: TimeTrackingActivityId
Before finding element: By.id: TimeTrackingActivityId
After finding element: By.id: TimeTrackingActivityId
Before finding element: By.tagName: option
After finding element: By.tagName: option
Before clicking on element: [[[[ChromeDriver: chrome on WINDOWS (adcf37476c2ed09bef37984895d4555d)] -> id: TimeTrackingActivityId]] -> tag name: option]
After clicking on element: [[[[ChromeDriver: chrome on WINDOWS (adcf37476c2ed09bef37984895d4555d)] -> id: TimeTrackingActivityId]] -> tag name: option]
Before finding element: By.id: TrackedTime
After finding element: By.id: TrackedTime
Before changing value of element: [[ChromeDriver: chrome on WINDOWS (adcf37476c2ed09bef37984895d4555d)] -> id: TrackedTime]
After changing value of element: [[ChromeDriver: chrome on WINDOWS (adcf37476c2ed09bef37984895d4555d)] -> id: TrackedTime]
Before finding element: By.id: TrackedTime
After finding element: By.id: TrackedTime
Before changing value of element: [[ChromeDriver: chrome on WINDOWS (adcf37476c2ed09bef37984895d4555d)] -> id: TrackedTime]
After changing value of element: [[ChromeDriver: chrome on WINDOWS (adcf37476c2ed09bef37984895d4555d)] -> id: TrackedTime]
Before finding element: By.id: BillableHour
After finding element: By.id: BillableHour
Before changing value of element: [[ChromeDriver: chrome on WINDOWS (adcf37476c2ed09bef37984895d4555d)] -> id: BillableHour]
After changing value of element: [[ChromeDriver: chrome on WINDOWS (adcf37476c2ed09bef37984895d4555d)] -> id: BillableHour]
Before finding element: By.id: BillableHour
After finding element: By.id: BillableHour
Before changing value of element: [[ChromeDriver: chrome on WINDOWS (adcf37476c2ed09bef37984895d4555d)] -> id: BillableHour]
After changing value of element: [[ChromeDriver: chrome on WINDOWS (adcf37476c2ed09bef37984895d4555d)] -> id: BillableHour]
Before finding element: By.id: Description
After finding element: By.id: Description
Before changing value of element: [[ChromeDriver: chrome on WINDOWS (adcf37476c2ed09bef37984895d4555d)] -> id: Description]
After changing value of element: [[ChromeDriver: chrome on WINDOWS (adcf37476c2ed09bef37984895d4555d)] -> id: Description]
Before finding element: By.id: btnPopupSave
After finding element: By.id: btnPopupSave
Before clicking on element: [[ChromeDriver: chrome on WINDOWS (adcf37476c2ed09bef37984895d4555d)] -> id: btnPopupSave]
After clicking on element: [[ChromeDriver: chrome on WINDOWS (adcf37476c2ed09bef37984895d4555d)] -> id: btnPopupSave]
]]></system-out>
  </testcase>
</testsuite>