<?xml version="1.0" encoding="UTF-8"?>
<testng-results ignored="0" total="3" passed="2" failed="1" skipped="0">
  <reporter-output>
  </reporter-output>
  <suite started-at="2024-07-03T22:40:37 IST" name="Suite" finished-at="2024-07-03T22:42:29 IST" duration-ms="112109">
    <groups>
    </groups>
    <test started-at="2024-07-03T22:40:37 IST" name="Test" finished-at="2024-07-03T22:42:29 IST" duration-ms="112109">
      <class name="Tests.CreateMatterTests">
        <test-method is-config="true" signature="GoTOMatter()[pri:0, instance:Tests.CreateMatterTests@7ec7ffd3]" started-at="2024-07-03T22:40:37 IST" name="GoTOMatter" finished-at="2024-07-03T22:40:57 IST" duration-ms="20009" status="PASS">
          <reporter-output>
          </reporter-output>
        </test-method> <!-- GoTOMatter -->
        <test-method signature="CreateMatter()[pri:2, instance:Tests.CreateMatterTests@7ec7ffd3]" started-at="2024-07-03T22:41:55 IST" name="CreateMatter" finished-at="2024-07-03T22:42:10 IST" duration-ms="14980" status="PASS">
          <reporter-output>
          </reporter-output>
        </test-method> <!-- CreateMatter -->
      </class> <!-- Tests.CreateMatterTests -->
      <class name="Tests.CreateTimesheetTests">
        <test-method is-config="true" signature="GoTOTimesheet()[pri:0, instance:Tests.CreateTimesheetTests@5b239d7d]" started-at="2024-07-03T22:40:57 IST" name="GoTOTimesheet" finished-at="2024-07-03T22:41:18 IST" duration-ms="21543" status="PASS">
          <reporter-output>
          </reporter-output>
        </test-method> <!-- GoTOTimesheet -->
        <test-method signature="CreateTimesheet()[pri:3, instance:Tests.CreateTimesheetTests@5b239d7d]" started-at="2024-07-03T22:42:10 IST" name="CreateTimesheet" finished-at="2024-07-03T22:42:29 IST" duration-ms="19008" status="PASS">
          <reporter-output>
          </reporter-output>
        </test-method> <!-- CreateTimesheet -->
      </class> <!-- Tests.CreateTimesheetTests -->
      <class name="Tests.CreateLeadTests">
        <test-method is-config="true" signature="GoTOLead()[pri:0, instance:Tests.CreateLeadTests@f5ac9e4]" started-at="2024-07-03T22:41:19 IST" name="GoTOLead" finished-at="2024-07-03T22:41:35 IST" duration-ms="16226" status="PASS">
          <reporter-output>
          </reporter-output>
        </test-method> <!-- GoTOLead -->
        <test-method signature="CreateLead()[pri:1, instance:Tests.CreateLeadTests@f5ac9e4]" started-at="2024-07-03T22:41:35 IST" name="CreateLead" finished-at="2024-07-03T22:41:55 IST" duration-ms="20165" status="FAIL">
          <exception class="org.openqa.selenium.NoSuchElementException">
            <message>
              <![CDATA[Cannot locate option with value: Banglore
For documentation on this error, please visit: https://www.seleniumhq.org/exceptions/no_such_element.html
Build info: version: '3.141.59', revision: 'e82be7d358', time: '2018-11-14T08:17:03'
System info: host: 'DESKTOP-O8SFBI0', ip: '192.168.0.106', os.name: 'Windows 10', os.arch: 'amd64', os.version: '10.0', java.version: '18.0.2.1'
Driver info: driver.version: unknown]]>
            </message>
            <full-stacktrace>
              <![CDATA[org.openqa.selenium.NoSuchElementException: Cannot locate option with value: Banglore
For documentation on this error, please visit: https://www.seleniumhq.org/exceptions/no_such_element.html
Build info: version: '3.141.59', revision: 'e82be7d358', time: '2018-11-14T08:17:03'
System info: host: 'DESKTOP-O8SFBI0', ip: '192.168.0.106', os.name: 'Windows 10', os.arch: 'amd64', os.version: '10.0', java.version: '18.0.2.1'
Driver info: driver.version: unknown
at org.openqa.selenium.support.ui.Select.findOptionsByValue(Select.java:283)
at org.openqa.selenium.support.ui.Select.selectByValue(Select.java:186)
at PageObjects.CreateLeadPage.EnterDetails(CreateLeadPage.java:100)
at Tests.CreateLeadTests.CreateLead(CreateLeadTests.java:39)
at java.base/jdk.internal.reflect.DirectMethodHandleAccessor.invoke(DirectMethodHandleAccessor.java:104)
at java.base/java.lang.reflect.Method.invoke(Method.java:577)
at org.testng.internal.invokers.MethodInvocationHelper.invokeMethod(MethodInvocationHelper.java:141)
at org.testng.internal.invokers.TestInvoker.invokeMethod(TestInvoker.java:686)
at org.testng.internal.invokers.TestInvoker.invokeTestMethod(TestInvoker.java:230)
at org.testng.internal.invokers.MethodRunner.runInSequence(MethodRunner.java:63)
at org.testng.internal.invokers.TestInvoker$MethodInvocationAgent.invoke(TestInvoker.java:992)
at org.testng.internal.invokers.TestInvoker.invokeTestMethods(TestInvoker.java:203)
at org.testng.internal.invokers.TestMethodWorker.invokeTestMethods(TestMethodWorker.java:154)
at org.testng.internal.invokers.TestMethodWorker.run(TestMethodWorker.java:134)
at java.base/java.util.ArrayList.forEach(ArrayList.java:1511)
at org.testng.TestRunner.privateRun(TestRunner.java:739)
at org.testng.TestRunner.run(TestRunner.java:614)
at org.testng.SuiteRunner.runTest(SuiteRunner.java:421)
at org.testng.SuiteRunner.runSequentially(SuiteRunner.java:413)
at org.testng.SuiteRunner.privateRun(SuiteRunner.java:373)
at org.testng.SuiteRunner.run(SuiteRunner.java:312)
at org.testng.SuiteRunnerWorker.runSuite(SuiteRunnerWorker.java:52)
at org.testng.SuiteRunnerWorker.run(SuiteRunnerWorker.java:95)
at org.testng.TestNG.runSuitesSequentially(TestNG.java:1274)
at org.testng.TestNG.runSuitesLocally(TestNG.java:1208)
at org.testng.TestNG.runSuites(TestNG.java:1112)
at org.testng.TestNG.run(TestNG.java:1079)
at org.apache.maven.surefire.testng.TestNGExecutor.run(TestNGExecutor.java:284)
at org.apache.maven.surefire.testng.TestNGXmlTestSuite.execute(TestNGXmlTestSuite.java:75)
at org.apache.maven.surefire.testng.TestNGProvider.invoke(TestNGProvider.java:119)
at org.apache.maven.surefire.booter.ForkedBooter.runSuitesInProcess(ForkedBooter.java:428)
at org.apache.maven.surefire.booter.ForkedBooter.execute(ForkedBooter.java:162)
at org.apache.maven.surefire.booter.ForkedBooter.run(ForkedBooter.java:562)
at org.apache.maven.surefire.booter.ForkedBooter.main(ForkedBooter.java:548)
]]>
            </full-stacktrace>
          </exception> <!-- org.openqa.selenium.NoSuchElementException -->
          <reporter-output>
          </reporter-output>
        </test-method> <!-- CreateLead -->
      </class> <!-- Tests.CreateLeadTests -->
    </test> <!-- Test -->
  </suite> <!-- Suite -->
</testng-results>
